#defined #NUM_REPS: 1 COOLDOWN_TIME: 0s
#Kernel execution time: 13709.53862ms
#Warming up the GPU. Starting temp: 53 C
#Size of matrices: 19456
#Warming up the GPU to 68 C is done. Elapsed time: 91.744896s
#RREPS: 1
5.19739 ms	164.68100 W	68 C	0	-15.04613 ms
20.24352 ms	163.00300 W	68 C	0	0.00000 ms
35.12766 ms	162.14600 W	68 C	0	20.24352 ms
50.08350 ms	161.38500 W	68 C	0	35.12766 ms
65.22610 ms	160.71800 W	68 C	0	50.08350 ms
80.21719 ms	160.05300 W	68 C	0	65.22610 ms
95.30346 ms	159.38500 W	68 C	0	80.21719 ms
110.32840 ms	158.72100 W	68 C	0	95.30346 ms
125.46063 ms	157.95900 W	68 C	0	110.32840 ms
140.62900 ms	157.38600 W	68 C	0	125.46063 ms
155.51311 ms	156.81600 W	68 C	0	140.62900 ms
170.63613 ms	156.05500 W	68 C	0	155.51311 ms
185.72889 ms	155.48400 W	68 C	0	170.63613 ms
200.88335 ms	154.91200 W	68 C	0	185.72889 ms
215.87803 ms	154.38300 W	68 C	0	200.88335 ms
231.02693 ms	153.81200 W	68 C	0	215.87803 ms
245.91201 ms	153.24000 W	68 C	0	231.02693 ms
260.97174 ms	152.69700 W	68 C	0	245.91201 ms
275.99626 ms	152.12600 W	68 C	0	260.97174 ms
291.04062 ms	151.55500 W	68 C	0	275.99626 ms
306.09415 ms	151.07800 W	68 C	0	291.04062 ms
321.06257 ms	150.69700 W	68 C	0	306.09415 ms
336.13109 ms	150.12600 W	68 C	0	321.06257 ms
351.30142 ms	149.65000 W	68 C	0	336.13109 ms
366.15140 ms	149.08000 W	68 C	0	351.30142 ms
381.21652 ms	148.63200 W	68 C	0	366.15140 ms
396.23939 ms	148.15600 W	67 C	0	381.21652 ms
411.26853 ms	147.77500 W	67 C	0	396.23939 ms
426.33180 ms	147.29900 W	68 C	0	411.26853 ms
441.38860 ms	146.82400 W	68 C	0	426.33180 ms
456.58143 ms	146.44200 W	67 C	0	441.38860 ms
471.60710 ms	145.96500 W	67 C	0	456.58143 ms
486.59843 ms	145.48900 W	68 C	0	471.60710 ms
501.76659 ms	145.10800 W	68 C	0	486.59843 ms
516.87641 ms	144.72800 W	67 C	0	501.76659 ms
531.95658 ms	144.25100 W	67 C	0	516.87641 ms
546.93450 ms	143.87000 W	67 C	0	531.95658 ms
561.95949 ms	143.39300 W	67 C	0	546.93450 ms
576.86270 ms	143.20200 W	67 C	0	561.95949 ms
592.01788 ms	142.82200 W	67 C	0	576.86270 ms
607.28935 ms	142.44200 W	68 C	0	592.01788 ms
622.25574 ms	142.06000 W	68 C	0	607.28935 ms
637.12274 ms	141.67900 W	68 C	0	622.25574 ms
652.19831 ms	141.39300 W	68 C	0	637.12274 ms
667.25378 ms	140.91700 W	67 C	0	652.19831 ms
682.18341 ms	140.72700 W	67 C	0	667.25378 ms
697.31720 ms	140.34500 W	68 C	0	682.18341 ms
712.34789 ms	140.06000 W	68 C	0	697.31720 ms
727.23632 ms	139.67900 W	67 C	0	712.34789 ms
742.28899 ms	139.39400 W	67 C	0	727.23632 ms
757.34813 ms	139.10700 W	67 C	0	742.28899 ms
772.30229 ms	138.63100 W	67 C	0	757.34813 ms
787.40829 ms	138.44100 W	67 C	0	772.30229 ms
802.45753 ms	138.25000 W	67 C	0	787.40829 ms
817.80893 ms	137.87000 W	67 C	0	802.45753 ms
832.59783 ms	137.67900 W	67 C	0	817.80893 ms
847.64379 ms	137.29700 W	67 C	0	832.59783 ms
862.69332 ms	137.10700 W	67 C	0	847.64379 ms
877.78444 ms	136.72600 W	67 C	0	862.69332 ms
892.74821 ms	136.53500 W	67 C	0	877.78444 ms
907.65771 ms	136.15500 W	67 C	0	892.74821 ms
922.71101 ms	136.09600 W	67 C	0	907.65771 ms
937.68294 ms	135.90500 W	67 C	0	922.71101 ms
952.83098 ms	135.62000 W	67 C	0	937.68294 ms
967.91410 ms	135.33400 W	67 C	0	952.83098 ms
982.89444 ms	135.04900 W	67 C	0	967.91410 ms
998.06736 ms	134.85800 W	67 C	0	982.89444 ms
1013.06988 ms	134.69200 W	67 C	0	998.06736 ms
1028.26181 ms	134.50000 W	67 C	0	1013.06988 ms
1043.43796 ms	134.21500 W	67 C	0	1028.26181 ms
1058.29483 ms	134.02400 W	67 C	0	1043.43796 ms
1073.24961 ms	133.73900 W	67 C	0	1058.29483 ms
1088.36870 ms	133.64400 W	67 C	0	1073.24961 ms
1103.49158 ms	133.35900 W	67 C	0	1088.36870 ms
1118.58111 ms	133.16800 W	67 C	0	1103.49158 ms
1133.61232 ms	132.97700 W	67 C	0	1118.58111 ms
1148.61188 ms	132.78700 W	67 C	0	1133.61232 ms
1163.66941 ms	132.59600 W	67 C	0	1148.61188 ms
1178.78721 ms	132.40500 W	67 C	0	1163.66941 ms
1193.75446 ms	132.21400 W	67 C	0	1178.78721 ms
1208.85116 ms	132.02400 W	67 C	0	1193.75446 ms
1223.79360 ms	131.83400 W	67 C	0	1208.85116 ms
1238.88106 ms	131.73800 W	67 C	0	1223.79360 ms
1253.91655 ms	131.45100 W	67 C	0	1238.88106 ms
1268.93781 ms	131.35600 W	67 C	0	1253.91655 ms
1284.05976 ms	131.16600 W	67 C	0	1268.93781 ms
1299.05968 ms	130.97700 W	67 C	0	1284.05976 ms
1313.97988 ms	130.88100 W	67 C	0	1299.05968 ms
1329.11677 ms	130.69100 W	67 C	0	1313.97988 ms
1344.23771 ms	130.50000 W	67 C	0	1329.11677 ms
1359.18161 ms	130.31000 W	67 C	0	1344.23771 ms
1374.32293 ms	130.21400 W	67 C	0	1359.18161 ms
1389.34459 ms	130.11800 W	67 C	0	1374.32293 ms
1404.39096 ms	129.92700 W	67 C	0	1389.34459 ms
1419.27290 ms	129.73600 W	67 C	0	1404.39096 ms
1449.36042 ms	129.54600 W	67 C	0	1419.27290 ms
1464.50307 ms	129.35400 W	67 C	0	1449.36042 ms
1494.53770 ms	129.16400 W	67 C	0	1464.50307 ms
1509.75822 ms	128.97400 W	67 C	0	1494.53770 ms
1539.72456 ms	128.78400 W	67 C	0	1509.75822 ms
1554.81366 ms	128.59300 W	67 C	0	1539.72456 ms
1569.92050 ms	128.49800 W	67 C	0	1554.81366 ms
1584.93238 ms	128.40200 W	67 C	0	1569.92050 ms
1599.90273 ms	128.30600 W	67 C	0	1584.93238 ms
1615.02217 ms	128.21100 W	67 C	0	1599.90273 ms
1629.94595 ms	128.02100 W	67 C	0	1615.02217 ms
1645.00447 ms	127.92600 W	67 C	0	1629.94595 ms
1660.11368 ms	127.85500 W	67 C	0	1645.00447 ms
1690.26514 ms	127.66500 W	67 C	0	1660.11368 ms
1720.26809 ms	127.38000 W	67 C	0	1690.26514 ms
1750.30345 ms	127.28500 W	67 C	0	1720.26809 ms
1780.52697 ms	127.18900 W	67 C	0	1750.30345 ms
1795.57567 ms	127.09200 W	67 C	0	1780.52697 ms
1825.62170 ms	126.80700 W	67 C	0	1795.57567 ms
1855.68804 ms	126.71200 W	67 C	0	1825.62170 ms
1870.60093 ms	126.61700 W	67 C	0	1855.68804 ms
1885.73923 ms	126.52200 W	67 C	0	1870.60093 ms
1915.78002 ms	126.42600 W	67 C	0	1885.73923 ms
1930.70907 ms	126.33100 W	67 C	0	1915.78002 ms
1945.78265 ms	126.23600 W	67 C	0	1930.70907 ms
1960.91363 ms	126.14100 W	67 C	0	1945.78265 ms
1991.00482 ms	125.95000 W	67 C	0	1960.91363 ms
2036.23573 ms	125.85500 W	67 C	0	1991.00482 ms
2051.22274 ms	125.75900 W	67 C	0	2036.23573 ms
2066.25100 ms	125.66300 W	67 C	0	2051.22274 ms
2081.40126 ms	125.56600 W	67 C	0	2066.25100 ms
2126.43036 ms	125.37600 W	67 C	0	2081.40126 ms
2171.55268 ms	125.28100 W	67 C	0	2126.43036 ms
2186.64695 ms	125.18600 W	67 C	0	2171.55268 ms
2201.71164 ms	125.09100 W	67 C	0	2186.64695 ms
2216.59634 ms	124.99600 W	67 C	0	2201.71164 ms
2261.73931 ms	124.90000 W	67 C	0	2216.59634 ms
2276.73701 ms	124.80400 W	67 C	0	2261.73931 ms
2352.05552 ms	124.61400 W	67 C	0	2276.73701 ms
2366.97052 ms	124.52000 W	67 C	0	2352.05552 ms
2397.03554 ms	124.42500 W	67 C	0	2366.97052 ms
2442.21516 ms	124.33000 W	67 C	0	2397.03554 ms
2487.43278 ms	124.23500 W	67 C	0	2442.21516 ms
2577.72124 ms	124.13800 W	67 C	0	2487.43278 ms
2622.81736 ms	124.04300 W	67 C	0	2577.72124 ms
2668.00021 ms	123.85300 W	67 C	0	2622.81736 ms
2713.09835 ms	123.75700 W	67 C	0	2668.00021 ms
2743.08878 ms	123.66200 W	67 C	0	2713.09835 ms
2833.30300 ms	123.56700 W	67 C	0	2743.08878 ms
2863.41722 ms	123.47200 W	67 C	0	2833.30300 ms
2938.80373 ms	123.37600 W	67 C	0	2863.41722 ms
2953.95310 ms	123.28000 W	67 C	0	2938.80373 ms
2968.92631 ms	123.18500 W	67 C	0	2953.95310 ms
3059.10639 ms	123.09000 W	67 C	0	2968.92631 ms
3134.38568 ms	122.99500 W	67 C	0	3059.10639 ms
3239.56871 ms	122.90000 W	67 C	0	3134.38568 ms
3254.61747 ms	122.99500 W	67 C	0	3239.56871 ms
3269.74040 ms	122.90000 W	67 C	0	3254.61747 ms
3345.09568 ms	122.80500 W	67 C	0	3269.74040 ms
3359.92487 ms	122.90000 W	67 C	0	3345.09568 ms
3374.97728 ms	122.80400 W	67 C	0	3359.92487 ms
3390.10140 ms	122.70900 W	67 C	0	3374.97728 ms
3435.17316 ms	122.61400 W	67 C	0	3390.10140 ms
3645.56267 ms	122.51700 W	67 C	0	3435.17316 ms
3660.60945 ms	122.61400 W	67 C	0	3645.56267 ms
3675.68404 ms	122.51700 W	67 C	0	3660.60945 ms
3720.88612 ms	122.42200 W	67 C	0	3675.68404 ms
3991.95913 ms	122.32700 W	66 C	0	3720.88612 ms
4007.04151 ms	122.42200 W	66 C	0	3991.95913 ms
4097.34646 ms	122.32700 W	66 C	0	4007.04151 ms
4277.60112 ms	122.23200 W	67 C	0	4097.34646 ms
4292.77013 ms	122.32700 W	66 C	0	4277.60112 ms
4337.94642 ms	122.23200 W	67 C	0	4292.77013 ms
4383.08331 ms	122.13700 W	66 C	0	4337.94642 ms
4413.16129 ms	122.23200 W	67 C	0	4383.08331 ms
4443.33978 ms	122.13700 W	67 C	0	4413.16129 ms
4458.23153 ms	122.23200 W	67 C	0	4443.33978 ms
4518.63313 ms	122.32700 W	67 C	0	4458.23153 ms
4578.65081 ms	122.23200 W	66 C	0	4518.63313 ms
4593.73603 ms	122.13700 W	66 C	0	4578.65081 ms
4638.82534 ms	122.23200 W	66 C	0	4593.73603 ms
4668.89364 ms	122.13700 W	66 C	0	4638.82534 ms
4729.10148 ms	122.23200 W	66 C	0	4668.89364 ms
4774.18170 ms	122.04200 W	66 C	0	4729.10148 ms
4789.26387 ms	122.13700 W	66 C	0	4774.18170 ms
4804.18447 ms	122.23200 W	66 C	0	4789.26387 ms
4834.34304 ms	122.04200 W	66 C	0	4804.18447 ms
4849.50963 ms	122.23200 W	66 C	0	4834.34304 ms
4879.55766 ms	122.04200 W	66 C	0	4849.50963 ms
4924.67849 ms	122.13700 W	67 C	0	4879.55766 ms
4954.91743 ms	122.04200 W	66 C	0	4924.67849 ms
5421.08749 ms	121.94700 W	66 C	0	4954.91743 ms
5436.16231 ms	121.85200 W	66 C	0	5421.08749 ms
5451.02816 ms	121.94700 W	66 C	0	5436.16231 ms
5466.02142 ms	121.85200 W	66 C	0	5451.02816 ms
5511.23343 ms	121.94700 W	66 C	0	5466.02142 ms
5541.54306 ms	122.04200 W	66 C	0	5511.23343 ms
5556.54308 ms	121.94700 W	66 C	0	5541.54306 ms
5586.77027 ms	122.04200 W	66 C	0	5556.54308 ms
5616.68631 ms	121.85200 W	66 C	0	5586.77027 ms
5676.76565 ms	121.94700 W	66 C	0	5616.68631 ms
5691.89489 ms	121.85200 W	66 C	0	5676.76565 ms
5706.86384 ms	121.94700 W	66 C	0	5691.89489 ms
5722.21935 ms	122.04200 W	66 C	0	5706.86384 ms
6143.39859 ms	122.13700 W	66 C	0	5722.21935 ms
6158.43911 ms	122.04200 W	66 C	0	6143.39859 ms
6173.48260 ms	122.13700 W	66 C	0	6158.43911 ms
6218.66838 ms	122.04200 W	66 C	0	6173.48260 ms
6233.62454 ms	122.13700 W	66 C	0	6218.66838 ms
6278.75502 ms	122.04200 W	66 C	0	6233.62454 ms
6293.79996 ms	122.13700 W	66 C	0	6278.75502 ms
6308.84558 ms	122.04200 W	66 C	0	6293.79996 ms
6338.90498 ms	122.13700 W	66 C	0	6308.84558 ms
6354.09324 ms	122.04200 W	66 C	0	6338.90498 ms
6489.40760 ms	122.13700 W	66 C	0	6354.09324 ms
6534.55598 ms	121.94700 W	66 C	0	6489.40760 ms
6579.54158 ms	121.85200 W	66 C	0	6534.55598 ms
6624.65969 ms	121.94700 W	66 C	0	6579.54158 ms
6639.52899 ms	121.85200 W	66 C	0	6624.65969 ms
6684.53515 ms	121.94700 W	66 C	0	6639.52899 ms
6699.74688 ms	121.85200 W	66 C	0	6684.53515 ms
6729.81359 ms	121.94700 W	66 C	0	6699.74688 ms
7151.00580 ms	121.85200 W	66 C	0	6729.81359 ms
7181.12062 ms	121.94700 W	66 C	0	7151.00580 ms
7256.50858 ms	121.85200 W	66 C	0	7181.12062 ms
7451.90090 ms	121.94700 W	66 C	0	7256.50858 ms
7467.12440 ms	121.85200 W	66 C	0	7451.90090 ms
7752.83401 ms	121.75500 W	66 C	0	7467.12440 ms
7828.13726 ms	121.85200 W	66 C	0	7752.83401 ms
7843.30481 ms	121.75500 W	66 C	0	7828.13726 ms
8339.57735 ms	121.77600 W	66 C	0	7843.30481 ms
8354.58021 ms	121.75500 W	66 C	0	8339.57735 ms
8444.72689 ms	121.77600 W	66 C	0	8354.58021 ms
8474.88200 ms	121.75500 W	66 C	0	8444.72689 ms
8489.87806 ms	121.68100 W	66 C	0	8474.88200 ms
8519.96474 ms	121.56400 W	66 C	0	8489.87806 ms
8535.04234 ms	121.46900 W	66 C	0	8519.96474 ms
8580.17432 ms	121.65900 W	66 C	0	8535.04234 ms
8625.20428 ms	121.75500 W	66 C	0	8580.17432 ms
8640.43518 ms	121.65900 W	66 C	0	8625.20428 ms
8685.35387 ms	121.75500 W	66 C	0	8640.43518 ms
9377.17193 ms	121.77600 W	66 C	0	8685.35387 ms
9392.09988 ms	121.75500 W	66 C	0	9377.17193 ms
9407.32099 ms	121.77600 W	66 C	0	9392.09988 ms
9437.38120 ms	121.75500 W	66 C	0	9407.32099 ms
10069.05069 ms	121.77600 W	66 C	0	9437.38120 ms
10084.05771 ms	121.75500 W	66 C	0	10069.05069 ms
10099.17681 ms	121.77600 W	66 C	0	10084.05771 ms
10144.46949 ms	121.75500 W	66 C	0	10099.17681 ms
10159.41885 ms	121.77600 W	66 C	0	10144.46949 ms
10174.60532 ms	121.75500 W	66 C	0	10159.41885 ms
10189.59770 ms	121.77600 W	66 C	0	10174.60532 ms
10219.73069 ms	121.75500 W	66 C	0	10189.59770 ms
10235.01085 ms	121.77600 W	66 C	0	10219.73069 ms
10249.84983 ms	121.75500 W	66 C	0	10235.01085 ms
10265.02088 ms	121.77600 W	66 C	0	10249.84983 ms
10340.11354 ms	121.75500 W	66 C	0	10265.02088 ms
10370.22636 ms	121.77600 W	66 C	0	10340.11354 ms
10385.19292 ms	121.75500 W	66 C	0	10370.22636 ms
10400.19338 ms	121.85000 W	66 C	0	10385.19292 ms
10415.38294 ms	121.77600 W	66 C	0	10400.19338 ms
10460.46037 ms	121.75500 W	66 C	0	10415.38294 ms
10475.58080 ms	121.77600 W	66 C	0	10460.46037 ms
10535.81673 ms	121.75500 W	66 C	0	10475.58080 ms
10565.78471 ms	121.77600 W	66 C	0	10535.81673 ms
10580.78645 ms	121.75500 W	66 C	0	10565.78471 ms
10610.84817 ms	121.77600 W	66 C	0	10580.78645 ms
10625.99351 ms	121.75500 W	66 C	0	10610.84817 ms
10656.06108 ms	121.66000 W	66 C	0	10625.99351 ms
10746.35900 ms	121.56400 W	66 C	0	10656.06108 ms
10761.26415 ms	121.66000 W	66 C	0	10746.35900 ms
10806.43489 ms	121.68100 W	66 C	0	10761.26415 ms
10836.68250 ms	121.66000 W	66 C	0	10806.43489 ms
10851.86454 ms	121.68100 W	66 C	0	10836.68250 ms
10881.92634 ms	121.56400 W	66 C	0	10851.86454 ms
10897.08004 ms	121.58600 W	66 C	0	10881.92634 ms
10927.02289 ms	121.56400 W	66 C	0	10897.08004 ms
11032.40632 ms	121.58600 W	66 C	0	10927.02289 ms
11062.37558 ms	121.56400 W	66 C	0	11032.40632 ms
11077.50985 ms	121.58600 W	66 C	0	11062.37558 ms
11092.38177 ms	121.56400 W	66 C	0	11077.50985 ms
11107.41562 ms	121.58600 W	66 C	0	11092.38177 ms
11122.48764 ms	121.56400 W	66 C	0	11107.41562 ms
11137.54026 ms	121.58600 W	66 C	0	11122.48764 ms
11152.53960 ms	121.56400 W	66 C	0	11137.54026 ms
11167.59056 ms	121.58600 W	66 C	0	11152.53960 ms
11182.56833 ms	121.56400 W	66 C	0	11167.59056 ms
11242.74345 ms	121.58600 W	66 C	0	11182.56833 ms
11257.77256 ms	121.68100 W	66 C	0	11242.74345 ms
11272.72753 ms	121.66000 W	66 C	0	11257.77256 ms
11302.92928 ms	121.58600 W	66 C	0	11272.72753 ms
11348.21135 ms	121.66000 W	66 C	0	11302.92928 ms
11378.22554 ms	121.56400 W	66 C	0	11348.21135 ms
11408.23911 ms	121.68100 W	66 C	0	11378.22554 ms
11423.25668 ms	121.58600 W	66 C	0	11408.23911 ms
11438.32072 ms	121.56400 W	66 C	0	11423.25668 ms
11468.53773 ms	121.58600 W	66 C	0	11438.32072 ms
11483.50548 ms	121.56400 W	66 C	0	11468.53773 ms
11558.71777 ms	121.66000 W	66 C	0	11483.50548 ms
11573.77530 ms	121.58600 W	66 C	0	11558.71777 ms
11603.77488 ms	121.56400 W	66 C	0	11573.77530 ms
11618.80073 ms	121.58600 W	66 C	0	11603.77488 ms
11664.01590 ms	121.56400 W	66 C	0	11618.80073 ms
11724.09458 ms	121.68100 W	66 C	0	11664.01590 ms
11739.06287 ms	121.66000 W	66 C	0	11724.09458 ms
11754.19342 ms	121.56400 W	66 C	0	11739.06287 ms
11784.30522 ms	121.58600 W	66 C	0	11754.19342 ms
11799.59534 ms	121.56400 W	66 C	0	11784.30522 ms
11814.49458 ms	121.58600 W	66 C	0	11799.59534 ms
11829.57305 ms	121.56400 W	66 C	0	11814.49458 ms
12009.73733 ms	121.58600 W	66 C	0	11829.57305 ms
12024.73452 ms	121.56400 W	66 C	0	12009.73733 ms
12039.86402 ms	121.58600 W	66 C	0	12024.73452 ms
12054.90930 ms	121.56400 W	66 C	0	12039.86402 ms
12084.84852 ms	121.58600 W	66 C	0	12054.90930 ms
12145.03937 ms	121.56400 W	66 C	0	12084.84852 ms
12160.11866 ms	121.49100 W	66 C	0	12145.03937 ms
12175.17692 ms	121.46900 W	66 C	0	12160.11866 ms
12190.20278 ms	121.39600 W	66 C	0	12175.17692 ms
12205.30791 ms	121.49100 W	66 C	0	12190.20278 ms
12220.28562 ms	121.39600 W	66 C	0	12205.30791 ms
12235.32351 ms	121.37400 W	66 C	0	12220.28562 ms
12250.35756 ms	121.39600 W	66 C	0	12235.32351 ms
12295.41789 ms	121.37400 W	66 C	0	12250.35756 ms
12310.41624 ms	121.39600 W	66 C	0	12295.41789 ms
12355.54611 ms	121.37400 W	66 C	0	12310.41624 ms
12370.56744 ms	121.49100 W	66 C	0	12355.54611 ms
12385.59809 ms	121.46900 W	65 C	0	12370.56744 ms
12415.60428 ms	121.49100 W	66 C	0	12385.59809 ms
12490.80870 ms	121.46900 W	65 C	0	12415.60428 ms
12520.85009 ms	121.56400 W	66 C	0	12490.80870 ms
12535.95776 ms	121.49100 W	66 C	0	12520.85009 ms
12550.95793 ms	121.46900 W	66 C	0	12535.95776 ms
12565.98730 ms	121.49100 W	66 C	0	12550.95793 ms
12656.29471 ms	121.46900 W	66 C	0	12565.98730 ms
12671.24028 ms	121.49100 W	66 C	0	12656.29471 ms
12686.35102 ms	121.39600 W	66 C	0	12671.24028 ms
12701.26114 ms	121.49100 W	66 C	0	12686.35102 ms
12716.26257 ms	121.46900 W	66 C	0	12701.26114 ms
12731.31631 ms	121.49100 W	66 C	0	12716.26257 ms
12791.52446 ms	121.46900 W	66 C	0	12731.31631 ms
12806.52976 ms	121.49100 W	66 C	0	12791.52446 ms
12881.66333 ms	121.46900 W	66 C	0	12806.52976 ms
12926.76809 ms	121.49100 W	66 C	0	12881.66333 ms
12941.84209 ms	121.46900 W	66 C	0	12926.76809 ms
12971.95793 ms	121.49100 W	66 C	0	12941.84209 ms
12986.95547 ms	121.46900 W	66 C	0	12971.95793 ms
13107.37236 ms	121.49100 W	65 C	0	12986.95547 ms
13167.70009 ms	121.46900 W	65 C	0	13107.37236 ms
13182.75426 ms	121.49100 W	66 C	0	13167.70009 ms
13197.73989 ms	121.46900 W	66 C	0	13182.75426 ms
13212.70982 ms	121.49100 W	66 C	0	13197.73989 ms
13242.76710 ms	121.46900 W	65 C	0	13212.70982 ms
13272.96843 ms	121.49100 W	66 C	0	13242.76710 ms
13318.12738 ms	121.46900 W	66 C	0	13272.96843 ms
13348.15401 ms	121.49100 W	66 C	0	13318.12738 ms
13453.35498 ms	121.46900 W	66 C	0	13348.15401 ms
13498.48141 ms	121.49100 W	66 C	0	13453.35498 ms
13724.03292 ms	120.72800 W	65 C	0	13498.48141 ms
# end time: 13738.84472
